INFO:root:11-07-2023 17:17:06 Steam termination ERROR!!!
INFO:root:11-07-2023 17:17:07 Steam registry cleaning FAILED!!!
INFO:root:11-07-2023 17:17:07 Origin termination ERROR!!!
INFO:root:11-07-2023 17:17:08 Origin path DOES NOT EXIST!!!
INFO:root:11-07-2023 17:17:08 Battlenet termination ERROR!!!
INFO:root:11-07-2023 17:17:09 Battlenet cleaning FAILED!!!
INFO:root:11-07-2023 17:17:09 Epicgames termination ERROR!!!
INFO:root:11-07-2023 17:17:10 Epicgames path DOES NOT EXIST!!!
INFO:root:11-07-2023 17:17:11 Wargaming termination ERROR!!!
INFO:root:11-07-2023 17:17:12 Wargaming path DOES NOT EXIST!!!
INFO:root:11-07-2023 17:17:12 NVIDIA termination ERROR!!!
INFO:root:11-07-2023 17:17:20 ViberDownloads is not a file!!!!
INFO:root:11-07-2023 17:17:20 Visual Studio 2019 is not a file!!!!
INFO:root:11-07-2023 17:17:20 Мои видеозаписи is not a file!!!!
INFO:root:11-07-2023 17:17:20 мои рисунки is not a file!!!!
INFO:root:11-07-2023 17:17:20 Моя музыка is not a file!!!!
INFO:root:20-09-2023 10:54:42 Steam termination ERROR!!!
INFO:root:20-09-2023 10:54:43 Steam registry cleaning FAILED!!!
INFO:root:20-09-2023 10:54:44 Origin termination ERROR!!!
INFO:root:20-09-2023 10:54:45 Origin path DOES NOT EXIST!!!
INFO:root:20-09-2023 10:54:45 Battlenet termination ERROR!!!
INFO:root:20-09-2023 10:54:46 Battlenet cleaning FAILED!!!
INFO:root:20-09-2023 10:54:46 Epicgames termination ERROR!!!
INFO:root:20-09-2023 10:54:47 Epicgames path DOES NOT EXIST!!!
INFO:root:20-09-2023 10:54:48 Wargaming termination ERROR!!!
INFO:root:20-09-2023 10:54:49 Wargaming path DOES NOT EXIST!!!
INFO:root:20-09-2023 10:54:49 NVIDIA termination ERROR!!!
INFO:root:20-09-2023 10:54:55 Visual Studio 2019 is not a file!!!!
INFO:root:20-09-2023 10:54:55 Мои видеозаписи is not a file!!!!
INFO:root:20-09-2023 10:54:55 мои рисунки is not a file!!!!
INFO:root:20-09-2023 10:54:55 Моя музыка is not a file!!!!
