WinSniffer1b.cpp(61,19): warning : ISO C++11 does not allow conversion from string literal to 'char *' [-Wwritable-strings]
WinSniffer1b.cpp(70,19): warning : ISO C++11 does not allow conversion from string literal to 'char *' [-Wwritable-strings]
WinSniffer1b.cpp(79,19): warning : ISO C++11 does not allow conversion from string literal to 'char *' [-Wwritable-strings]
WinSniffer1b.cpp(87,20): warning : 'gethostbyname' is deprecated: Use getaddrinfo() or GetAddrInfoW() instead or define _WINSOCK_DEPRECATED_NO_WARNINGS to disable deprecated API warnings [-Wdeprecated-declarations]
C:\Program Files (x86)\Windows Kits\10\Include\10.0.22621.0\um\winsock2.h(2221,1): message : 'gethostbyname' has been explicitly marked deprecated here
C:\Program Files (x86)\Windows Kits\10\Include\10.0.22621.0\um\winsock2.h(26,56): message : expanded from macro '_WINSOCK_DEPRECATED_BY'
WinSniffer1b.cpp(90,19): warning : ISO C++11 does not allow conversion from string literal to 'char *' [-Wwritable-strings]
WinSniffer1b.cpp(96,38): warning : 'inet_ntoa' is deprecated: Use inet_ntop() or InetNtop() instead or define _WINSOCK_DEPRECATED_NO_WARNINGS to disable deprecated API warnings [-Wdeprecated-declarations]
C:\Program Files (x86)\Windows Kits\10\Include\10.0.22621.0\um\winsock2.h(1851,1): message : 'inet_ntoa' has been explicitly marked deprecated here
C:\Program Files (x86)\Windows Kits\10\Include\10.0.22621.0\um\winsock2.h(26,56): message : expanded from macro '_WINSOCK_DEPRECATED_BY'
WinSniffer1b.cpp(106,19): warning : ISO C++11 does not allow conversion from string literal to 'char *' [-Wwritable-strings]
WinSniffer1b.cpp(117,19): warning : ISO C++11 does not allow conversion from string literal to 'char *' [-Wwritable-strings]
WinSniffer1b.cpp(142,23): warning : ISO C++11 does not allow conversion from string literal to 'char *' [-Wwritable-strings]
WinSniffer1b.cpp(155,36): warning : 'inet_ntoa' is deprecated: Use inet_ntop() or InetNtop() instead or define _WINSOCK_DEPRECATED_NO_WARNINGS to disable deprecated API warnings [-Wdeprecated-declarations]
C:\Program Files (x86)\Windows Kits\10\Include\10.0.22621.0\um\winsock2.h(1851,1): message : 'inet_ntoa' has been explicitly marked deprecated here
C:\Program Files (x86)\Windows Kits\10\Include\10.0.22621.0\um\winsock2.h(26,56): message : expanded from macro '_WINSOCK_DEPRECATED_BY'
WinSniffer1b.cpp(160,36): warning : 'inet_ntoa' is deprecated: Use inet_ntop() or InetNtop() instead or define _WINSOCK_DEPRECATED_NO_WARNINGS to disable deprecated API warnings [-Wdeprecated-declarations]
C:\Program Files (x86)\Windows Kits\10\Include\10.0.22621.0\um\winsock2.h(1851,1): message : 'inet_ntoa' has been explicitly marked deprecated here
C:\Program Files (x86)\Windows Kits\10\Include\10.0.22621.0\um\winsock2.h(26,56): message : expanded from macro '_WINSOCK_DEPRECATED_BY'
WinSniffer1b.cpp(167,18): warning : unused variable 'tcpHeader' [-Wunused-variable]
WinSniffer1b.cpp(178,19): warning : ISO C++11 does not allow conversion from string literal to 'char *' [-Wwritable-strings]
WinSniffer1b.cpp(185,19): warning : ISO C++11 does not allow conversion from string literal to 'char *' [-Wwritable-strings]
WinSniffer1b.cpp(54,12): warning : unused variable 'ipHdr' [-Wunused-variable]
WinSniffer1b.cpp(55,13): warning : unused variable 'udpHdr' [-Wunused-variable]
WinSniffer1b.cpp(125,10): warning : unused variable 'opt' [-Wunused-variable]
  WinSniffer1b.vcxproj -> N:\YPROGRAMMING\Sniffers\WinSniffer1b\x64\Debug\WinSniffer1b.exe
